<?xml version="1.0" encoding="UTF-8"?>
<!-- Generated by org.testng.reporters.JUnitReportReporter -->
<testsuite hostname="IN-BBKRXM3" failures="0" tests="6" name="com.tmb.tests.LoginPagetest" time="105.907" errors="0" timestamp="2023-10-04T15:51:30 IST" skipped="0">
  <testcase classname="com.tmb.tests.LoginPagetest" name="test1" time="25.553"/>
  <system-out/>
  <testcase classname="com.tmb.tests.LoginPagetest" name="test2" time="16.332"/>
  <system-out/>
  <testcase classname="com.tmb.tests.LoginPagetest" name="test3" time="15.824"/>
  <system-out/>
  <testcase classname="com.tmb.tests.LoginPagetest" name="test4" time="16.391"/>
  <system-out/>
  <testcase classname="com.tmb.tests.LoginPagetest" name="test5" time="15.943"/>
  <system-out/>
  <testcase classname="com.tmb.tests.LoginPagetest" name="test6" time="15.864"/>
  <system-out/>
</testsuite> <!-- com.tmb.tests.LoginPagetest -->
