<?xml version="1.0" encoding="UTF-8"?>
<!-- Generated by org.testng.reporters.JUnitReportReporter -->
<testsuite hostname="IN-BBKRXM3" failures="0" tests="6" name="tests.Demotest" time="71.851" errors="0" timestamp="2023-10-04T16:04:18 IST" skipped="0">
  <testcase classname="tests.Demotest" name="test1" time="16.650"/>
  <system-out/>
  <testcase classname="tests.Demotest" name="test2" time="11.097"/>
  <system-out/>
  <testcase classname="tests.Demotest" name="test3" time="10.454"/>
  <system-out/>
  <testcase classname="tests.Demotest" name="test4" time="11.539"/>
  <system-out/>
  <testcase classname="tests.Demotest" name="test5" time="10.353"/>
  <system-out/>
  <testcase classname="tests.Demotest" name="test6" time="11.758"/>
  <system-out/>
</testsuite> <!-- tests.Demotest -->
